<?xml version="1.0" encoding="UTF-8"?>
<!-- Generated by org.testng.reporters.JUnitReportReporter -->
<testsuite hostname="MSUBRAMANIAML1" name="tests.amazonTest.AmazonTest" tests="1" failures="0" timestamp="21 May 2018 11:00:10 GMT" time="24.032" errors="0">
  <testcase name="groupSetup" time="24.032" classname="tests.amazonTest.AmazonTest"/>
</testsuite> <!-- tests.amazonTest.AmazonTest -->
