<?xml version="1.0" encoding="UTF-8"?>
<!-- Generated by org.testng.reporters.JUnitReportReporter -->
<testsuite hostname="MSUBRAMANIAML1" name="tests.amazonTest.AmazonTest" tests="1" failures="0" timestamp="21 May 2018 07:21:43 GMT" time="20.476" errors="0">
  <testcase name="groupSetup" time="20.476" classname="tests.amazonTest.AmazonTest"/>
</testsuite> <!-- tests.amazonTest.AmazonTest -->
